<?xml version="1.0" encoding="UTF-8"?>
<!-- Generated by org.testng.reporters.JUnitReportReporter -->
<testsuite hostname="DESKTOP-G4CHANA" failures="0" tests="1" name="parallelExecution.MyClass2" time="13.273" errors="0" timestamp="2022-06-14T19:38:42 IST" skipped="0">
  <testcase classname="parallelExecution.MyClass2" name="MyMethod2" time="13.273"/>
  <system-out>
    <![CDATA[My Method 2 Is Running]]>
  </system-out>
</testsuite> <!-- parallelExecution.MyClass2 -->
