<?xml version="1.0" encoding="UTF-8"?>
<!-- Generated by org.testng.reporters.JUnitReportReporter -->
<testsuite hostname="DESKTOP-G4CHANA" failures="0" tests="3" name="Test_NG.Example1_TestNG" time="78.888" errors="0" timestamp="2022-06-09T14:59:52 IST" skipped="0">
  <testcase classname="Test_NG.Example1_TestNG" name="kiteLoginPage" time="25.623"/>
  <system-out/>
  <testcase classname="Test_NG.Example1_TestNG" name="facebook_page" time="26.852"/>
  <system-out/>
  <testcase classname="Test_NG.Example1_TestNG" name="whatsup_page" time="26.413"/>
  <system-out/>
</testsuite> <!-- Test_NG.Example1_TestNG -->
