<?xml version="1.0" encoding="UTF-8"?>
<!-- Generated by org.testng.reporters.JUnitReportReporter -->
<testsuite hostname="DESKTOP-G4CHANA" failures="0" tests="2" name="xmlTestNGStudy.MyMethod" time="0.004" errors="0" timestamp="2022-06-13T16:02:03 IST" skipped="0">
  <testcase classname="xmlTestNGStudy.MyMethod" name="MyMethod7" time="0.002"/>
  <system-out>
    <![CDATA[My Method 7 Is Running]]>
  </system-out>
  <testcase classname="xmlTestNGStudy.MyMethod" name="MyMethod9" time="0.002"/>
  <system-out>
    <![CDATA[My Method 9 Is Running]]>
  </system-out>
</testsuite> <!-- xmlTestNGStudy.MyMethod -->
