<?xml version="1.0" encoding="UTF-8"?>
<!-- Generated by org.testng.reporters.JUnitReportReporter -->
<testsuite hostname="DESKTOP-G4CHANA" failures="0" tests="1" name="kiteAppTextClass.ValidateKiteUserID" time="7.088" errors="0" timestamp="2022-06-20T15:49:45 IST" skipped="0">
  <testcase classname="kiteAppTextClass.ValidateKiteUserID" name="ValidateUserID" time="7.088"/>
  <system-out>
    <![CDATA[TC Is Passed User ID Is Match]]>
  </system-out>
</testsuite> <!-- kiteAppTextClass.ValidateKiteUserID -->
