<?xml version="1.0" encoding="UTF-8"?>
<!-- Generated by org.testng.reporters.JUnitReportReporter -->
<testsuite hostname="DESKTOP-G4CHANA" failures="0" tests="1" name="pomTest_NG.Test_Class1" time="2.580" errors="0" timestamp="2022-06-18T16:57:38 IST" skipped="0">
  <testcase classname="pomTest_NG.Test_Class1" name="VerifyUserID" time="2.580"/>
  <system-out>
    <![CDATA[Validating UserID
UserID Is Match TC Is Passed]]>
  </system-out>
</testsuite> <!-- pomTest_NG.Test_Class1 -->
