<?xml version="1.0" encoding="UTF-8"?>
<!-- Generated by org.testng.reporters.JUnitReportReporter -->
<testsuite hostname="DESKTOP-G4CHANA" failures="0" tests="2" name="xml_Study.NewTest1" time="0.012" errors="0" timestamp="2022-06-14T15:28:04 IST" skipped="0">
  <testcase classname="xml_Study.NewTest1" name="MyMethod6" time="0.010"/>
  <system-out>
    <![CDATA[My Method 6 Is Running]]>
  </system-out>
  <testcase classname="xml_Study.NewTest1" name="MyMethod9" time="0.002"/>
  <system-out>
    <![CDATA[My Method 9 Is Running]]>
  </system-out>
</testsuite> <!-- xml_Study.NewTest1 -->
