<?xml version="1.0" encoding="UTF-8"?>
<!-- Generated by org.testng.reporters.JUnitReportReporter -->
<testsuite hostname="DESKTOP-G4CHANA" failures="0" tests="3" name="Test_NG.TestNGKeyword1" time="0.011" errors="0" timestamp="2022-06-13T12:07:38 IST" skipped="0">
  <testcase classname="Test_NG.TestNGKeyword1" name="MyTest2" time="0.004"/>
  <system-out>
    <![CDATA[My Test 2 Method Is Running]]>
  </system-out>
  <testcase classname="Test_NG.TestNGKeyword1" name="MyTest1" time="0.006"/>
  <system-out>
    <![CDATA[My Test 1 Method Is Running]]>
  </system-out>
  <testcase classname="Test_NG.TestNGKeyword1" name="MyTest3" time="0.001"/>
  <system-out>
    <![CDATA[My Test 3 Method Is Runnning]]>
  </system-out>
</testsuite> <!-- Test_NG.TestNGKeyword1 -->
