<?xml version="1.0" encoding="UTF-8"?>
<!-- Generated by org.testng.reporters.JUnitReportReporter -->
<testsuite hostname="DESKTOP-G4CHANA" failures="0" tests="4" name="xmlTestNGStudy.MyTest" time="0.021" errors="0" timestamp="2022-06-13T16:02:03 IST" skipped="0">
  <testcase classname="xmlTestNGStudy.MyTest" name="MyTest1" time="0.002"/>
  <system-out>
    <![CDATA[My Method 1 Is Running ]]>
  </system-out>
  <testcase classname="xmlTestNGStudy.MyTest" name="MyTest5" time="0.003"/>
  <system-out>
    <![CDATA[My Method 5 Is Running]]>
  </system-out>
  <testcase classname="xmlTestNGStudy.MyTest" name="MyTest3" time="0.002"/>
  <system-out>
    <![CDATA[My Method 3 Is Running]]>
  </system-out>
  <testcase classname="xmlTestNGStudy.MyTest" name="MyMethod" time="0.014"/>
  <system-out>
    <![CDATA[My Method Is Running]]>
  </system-out>
</testsuite> <!-- xmlTestNGStudy.MyTest -->
