<?xml version="1.0" encoding="UTF-8"?>
<!-- Generated by org.testng.reporters.JUnitReportReporter -->
<testsuite hostname="DESKTOP-G4CHANA" failures="0" tests="2" name="testNGListener.Pune" time="0.014" errors="0" timestamp="2022-06-22T14:39:00 IST" skipped="0">
  <testcase classname="testNGListener.Pune" name="shivajiNagr" time="0.013"/>
  <system-out>
    <![CDATA[TC Is Running 
TC Is Success
TC Name Is shivajiNagr]]>
  </system-out>
  <testcase classname="testNGListener.Pune" name="swarGate" time="0.001"/>
  <system-out>
    <![CDATA[TC Is Running 
TC Is Success
TC Name Is swarGate]]>
  </system-out>
</testsuite> <!-- testNGListener.Pune -->
