<?xml version="1.0" encoding="UTF-8"?>
<!-- Generated by org.testng.reporters.JUnitReportReporter -->
<testsuite hostname="DESKTOP-G4CHANA" failures="0" tests="1" name="pomTest_NG.Test_Class" time="3.674" errors="0" timestamp="2022-06-18T16:40:53 IST" skipped="0">
  <testcase classname="pomTest_NG.Test_Class" name="VerifyUserID" time="3.674"/>
  <system-out>
    <![CDATA[Validating UserID
UserID Is Match TC Is Passed]]>
  </system-out>
</testsuite> <!-- pomTest_NG.Test_Class -->
