<?xml version="1.0" encoding="UTF-8"?>
<!-- Generated by org.testng.reporters.JUnitReportReporter -->
<testsuite hostname="DESKTOP-G4CHANA" failures="0" tests="2" name="Test_NG.AnnonationStudy" time="0.007" errors="0" timestamp="2022-06-10T16:06:04 IST" skipped="0">
  <testcase classname="Test_NG.AnnonationStudy" name="MyTest" time="0.005"/>
  <system-out>
    <![CDATA[My Test Method Is Running]]>
  </system-out>
  <testcase classname="Test_NG.AnnonationStudy" name="MyTest1" time="0.002"/>
  <system-out>
    <![CDATA[My Test1 Method Is Runnng ]]>
  </system-out>
</testsuite> <!-- Test_NG.AnnonationStudy -->
