<?xml version="1.0" encoding="UTF-8"?>
<!-- Generated by org.testng.reporters.JUnitReportReporter -->
<testsuite hostname="DESKTOP-G4CHANA" failures="0" tests="2" name="Test_NG.AnnonationStudy1" time="0.002" errors="0" timestamp="2022-06-10T16:03:10 IST" skipped="0">
  <testcase classname="Test_NG.AnnonationStudy1" name="MyTest3" time="0.002"/>
  <system-out>
    <![CDATA[Test Method3 Is Running]]>
  </system-out>
  <testcase classname="Test_NG.AnnonationStudy1" name="MyTest4" time="0.000"/>
  <system-out>
    <![CDATA[My Test Method4 Is Running]]>
  </system-out>
</testsuite> <!-- Test_NG.AnnonationStudy1 -->
