<?xml version="1.0" encoding="UTF-8"?>
<!-- Generated by org.testng.reporters.JUnitReportReporter -->
<testsuite hostname="DESKTOP-G4CHANA" failures="0" tests="1" name="Varification_TestNG.Varification" time="35.426" errors="0" timestamp="2022-06-15T14:24:36 IST" skipped="0">
  <testcase classname="Varification_TestNG.Varification" name="MyMethod" time="35.426"/>
  <system-out>
    <![CDATA[CheckBox1 Is Selected TC Is Passed]]>
  </system-out>
</testsuite> <!-- Varification_TestNG.Varification -->
