<?xml version="1.0" encoding="UTF-8"?>
<!-- Generated by org.testng.reporters.JUnitReportReporter -->
<testsuite hostname="DESKTOP-G4CHANA" failures="0" tests="1" name="parallelExecution.MyClass1" time="31.833" errors="0" timestamp="2022-06-14T19:38:42 IST" skipped="0">
  <testcase classname="parallelExecution.MyClass1" name="MyMethod1" time="31.833"/>
  <system-out>
    <![CDATA[My Method 1 Is Running]]>
  </system-out>
</testsuite> <!-- parallelExecution.MyClass1 -->
