<?xml version="1.0" encoding="UTF-8"?>
<!-- Generated by org.testng.reporters.JUnitReportReporter -->
<testsuite hostname="DESKTOP-G4CHANA" failures="0" tests="1" name="Test_NG.Sample1" time="0.009" errors="0" timestamp="2022-06-09T15:06:23 IST" skipped="0">
  <testcase classname="Test_NG.Sample1" name="Display1" time="0.009"/>
  <system-out>
    <![CDATA[Hi Good Morning]]>
  </system-out>
</testsuite> <!-- Test_NG.Sample1 -->
