<?xml version="1.0" encoding="UTF-8"?>
<!-- Generated by org.testng.reporters.JUnitReportReporter -->
<testsuite hostname="DESKTOP-G4CHANA" failures="0" tests="2" name="testNG_Listener.MyTestClass" time="0.012" errors="0" timestamp="2022-06-21T15:41:47 IST" skipped="0">
  <testcase classname="testNG_Listener.MyTestClass" name="MyTest" time="0.010"/>
  <system-out>
    <![CDATA[HI Gm
TC is sucess]]>
  </system-out>
  <testcase classname="testNG_Listener.MyTestClass" name="MyMethod" time="0.002"/>
  <system-out>
    <![CDATA[Hi
TC is sucess]]>
  </system-out>
</testsuite> <!-- testNG_Listener.MyTestClass -->
