<?xml version="1.0" encoding="UTF-8"?>
<!-- Generated by org.testng.reporters.JUnitReportReporter -->
<testsuite hostname="DESKTOP-G4CHANA" failures="0" tests="3" name="xml_Study.MyTest" time="0.003" errors="0" timestamp="2022-06-14T15:28:04 IST" skipped="0">
  <testcase classname="xml_Study.MyTest" name="MyMethod5" time="0.001"/>
  <system-out>
    <![CDATA[My Method 5 Is Running]]>
  </system-out>
  <testcase classname="xml_Study.MyTest" name="MyMethod1" time="0.001"/>
  <system-out>
    <![CDATA[My Method 1 Is Running]]>
  </system-out>
  <testcase classname="xml_Study.MyTest" name="MyMethod3" time="0.001"/>
  <system-out>
    <![CDATA[My Method 3 Is Running]]>
  </system-out>
</testsuite> <!-- xml_Study.MyTest -->
