<?xml version="1.0" encoding="UTF-8"?>
<!-- Generated by org.testng.reporters.JUnitReportReporter -->
<testsuite hostname="DESKTOP-G4CHANA" failures="0" tests="1" name="Varification_TestNG.ZerodhaVarification" time="11.639" errors="0" timestamp="2022-06-15T15:02:36 IST" skipped="0">
  <testcase classname="Varification_TestNG.ZerodhaVarification" name="MyTest" time="11.639"/>
  <system-out>
    <![CDATA[TextFiled1 Is Displyed TC Is Passed
TextFiled2 Is Displyed TC Is Passed]]>
  </system-out>
</testsuite> <!-- Varification_TestNG.ZerodhaVarification -->
