<?xml version="1.0" encoding="UTF-8"?>
<!-- Generated by org.testng.reporters.JUnitReportReporter -->
<testsuite hostname="DESKTOP-G4CHANA" failures="0" tests="1" name="Varification_TestNG.TrueAndFalseAssert" time="0.020" errors="0" timestamp="2022-06-15T14:10:26 IST" skipped="0">
  <testcase classname="Varification_TestNG.TrueAndFalseAssert" name="MyMethod" time="0.020"/>
  <system-out>
    <![CDATA[Value Is False TC Is Passed]]>
  </system-out>
</testsuite> <!-- Varification_TestNG.TrueAndFalseAssert -->
